Arguments: 
  /usr/local/Cellar/node/15.8.0/bin/node /usr/local/bin/yarn build

PATH: 
  /Library/Frameworks/Python.framework/Versions/3.10/bin:/usr/local/bin:/usr/bin:/bin:/usr/sbin:/sbin:/Library/TeX/texbin:/usr/local/share/dotnet:/opt/X11/bin:~/.dotnet/tools:/Library/Apple/usr/bin:/Library/Frameworks/Mono.framework/Versions/Current/Commands:/Users/aaronyeh/.cabal/bin:/Users/aaronyeh/.ghcup/bin

Yarn version: 
  1.22.10

Node version: 
  15.8.0

Platform: 
  darwin x64

Trace: 
  SyntaxError: /Users/aaronyeh/Documents/Plant-Buddy/package.json: Unexpected string in JSON at position 787
      at JSON.parse (<anonymous>)
      at /usr/local/lib/node_modules/yarn/lib/cli.js:1625:59
      at Generator.next (<anonymous>)
      at step (/usr/local/lib/node_modules/yarn/lib/cli.js:310:30)
      at /usr/local/lib/node_modules/yarn/lib/cli.js:321:13

npm manifest: 
  {
    "build": {
     "appId": "Plant-Buddy",
     "files": [ "build/**/*", "node_modules/**/*" ],
     "directories":{
   "buildResources": "assets"
     }
   },
    "name": "my-app",
    "version": "0.1.0",
    "private": true,
    "dependencies": {
      "@testing-library/jest-dom": "^5.16.2",
      "@testing-library/react": "^12.1.3",
      "@testing-library/user-event": "^13.5.0",
      "concurrently": "^7.0.0",
      "electron": "^17.1.2",
      "electron-builder": "^22.14.13",
      "electron-is-dev": "^2.0.0",
      "react": "^17.0.2",
      "react-dom": "^17.0.2",
      "react-scripts": "5.0.0",
      "wait-on": "^6.0.1",
      "web-vitals": "^2.1.4"
    },
    "scripts": {
      "start": "react-scripts start",
      "build": "react-scripts build",
      "test": "react-scripts test",
      "eject": "react-scripts eject"
      "electron-dev": "concurrently \"BROWSER=none npm start\" \"wait-on http://localhost:3000 && electron .\"",
      "electron-package": "./node_modules/.bin/electron-builder -c.extraMetadata.main=build/start-electron.js",
      "preelectron-package": "npm run build"
    },
    "eslintConfig": {
      "extends": [
        "react-app",
        "react-app/jest"
      ]
    },
    "browserslist": {
      "production": [
        ">0.2%",
        "not dead",
        "not op_mini all"
      ],
      "development": [
        "last 1 chrome version",
        "last 1 firefox version",
        "last 1 safari version"
      ]
    }
  }

yarn manifest: 
  No manifest

Lockfile: 
  No lockfile
